<?xml version="1.0" encoding="UTF-8"?>
<testsuite xmlns:xsi="http://www.w3.org/2001/XMLSchema-instance" xsi:noNamespaceSchemaLocation="https://maven.apache.org/surefire/maven-surefire-plugin/xsd/surefire-test-report-3.0.xsd" version="3.0" name="com.awbd.subscription.SubscriptionApplicationTests" time="10.703" tests="1" errors="0" skipped="0" failures="0">
  <properties>
[...]
</properties>
  <testcase name="contextLoads" classname="com.awbd.subscription.SubscriptionApplicationTests" time="0.52">
    <system-out><![CDATA[00:01:29.563 [main] INFO org.springframework.test.context.support.AnnotationConfigContextLoaderUtils -- Could not detect default configuration classes for test class [com.awbd.subscription.SubscriptionApplicationTests]: SubscriptionApplicationTests does not declare any static, non-private, non-final, nested classes annotated with @Configuration.
00:01:29.697 [main] INFO org.springframework.boot.test.context.SpringBootTestContextBootstrapper -- Found @SpringBootConfiguration com.awbd.subscription.SubscriptionApplication for test class com.awbd.subscription.SubscriptionApplicationTests

  .   ____          _            __ _ _
 /\\ / ___'_ __ _ _(_)_ __  __ _ \ \ \ \
( ( )\___ | '_ | '_| | '_ \/ _` | \ \ \ \
 \\/  ___)| |_)| | | | | || (_| |  ) ) ) )
  '  |____| .__|_| |_|_| |_\__, | / / / /
 =========|_|==============|___/=/_/_/_/
 :: Spring Boot ::                (v3.2.5)

2024-06-27T00:01:31.265+03:00  INFO 10976 --- [appointment] [           main] c.a.s.SubscriptionApplicationTests       : Starting SubscriptionApplicationTests using Java 18.0.1.1 with PID 10976 (started by Talida in D:\An I Sem II Master\AWBD\Proiect2_AWBD_v2\lab11_final\subscription)
2024-06-27T00:01:31.268+03:00  INFO 10976 --- [appointment] [           main] c.a.s.SubscriptionApplicationTests       : No active profile set, falling back to 1 default profile: "default"
2024-06-27T00:01:31.307+03:00  INFO 10976 --- [appointment] [           main] o.s.c.c.c.ConfigServerConfigDataLoader   : Fetching config from server at : http://localhost:8070/
2024-06-27T00:01:31.308+03:00  INFO 10976 --- [appointment] [           main] o.s.c.c.c.ConfigServerConfigDataLoader   : Located environment: name=appointment, profiles=[default], label=null, version=7ae06fc25912a79a2abfe799f26677b3ba285ad9, state=null
2024-06-27T00:01:32.673+03:00  INFO 10976 --- [appointment] [           main] .s.d.r.c.RepositoryConfigurationDelegate : Bootstrapping Spring Data JPA repositories in DEFAULT mode.
2024-06-27T00:01:32.806+03:00  INFO 10976 --- [appointment] [           main] .s.d.r.c.RepositoryConfigurationDelegate : Finished Spring Data repository scanning in 125 ms. Found 1 JPA repository interface.
2024-06-27T00:01:33.295+03:00  INFO 10976 --- [appointment] [           main] o.s.cloud.context.scope.GenericScope     : BeanFactory id=cc1d4733-ca34-3eaf-8e95-cf0f86465aa8
2024-06-27T00:01:33.715+03:00  WARN 10976 --- [appointment] [           main] trationDelegate$BeanPostProcessorChecker : Bean 'org.springframework.cloud.client.loadbalancer.LoadBalancerAutoConfiguration$DeferringLoadBalancerInterceptorConfig' of type [org.springframework.cloud.client.loadbalancer.LoadBalancerAutoConfiguration$DeferringLoadBalancerInterceptorConfig] is not eligible for getting processed by all BeanPostProcessors (for example: not eligible for auto-proxying). The currently created BeanPostProcessor [lbRestClientPostProcessor] is declared through a non-static factory method on that class; consider declaring it as static instead.
2024-06-27T00:01:33.719+03:00  WARN 10976 --- [appointment] [           main] trationDelegate$BeanPostProcessorChecker : Bean 'deferringLoadBalancerInterceptor' of type [org.springframework.cloud.client.loadbalancer.DeferringLoadBalancerInterceptor] is not eligible for getting processed by all BeanPostProcessors (for example: not eligible for auto-proxying). Is this bean getting eagerly injected into a currently created BeanPostProcessor [lbRestClientPostProcessor]? Check the corresponding BeanPostProcessor declaration and its dependencies.
2024-06-27T00:01:34.000+03:00  INFO 10976 --- [appointment] [           main] o.hibernate.jpa.internal.util.LogHelper  : HHH000204: Processing PersistenceUnitInfo [name: default]
2024-06-27T00:01:34.062+03:00  INFO 10976 --- [appointment] [           main] org.hibernate.Version                    : HHH000412: Hibernate ORM core version 6.4.4.Final
2024-06-27T00:01:34.098+03:00  INFO 10976 --- [appointment] [           main] o.h.c.internal.RegionFactoryInitiator    : HHH000026: Second-level cache disabled
2024-06-27T00:01:34.338+03:00  INFO 10976 --- [appointment] [           main] o.s.o.j.p.SpringPersistenceUnitInfo      : No LoadTimeWeaver setup: ignoring JPA class transformer
2024-06-27T00:01:34.361+03:00  INFO 10976 --- [appointment] [           main] com.zaxxer.hikari.HikariDataSource       : HikariPool-1 - Starting...
2024-06-27T00:01:34.532+03:00  INFO 10976 --- [appointment] [           main] com.zaxxer.hikari.pool.HikariPool        : HikariPool-1 - Added connection com.mysql.cj.jdbc.ConnectionImpl@47224d5d
2024-06-27T00:01:34.534+03:00  INFO 10976 --- [appointment] [           main] com.zaxxer.hikari.HikariDataSource       : HikariPool-1 - Start completed.
2024-06-27T00:01:34.581+03:00  WARN 10976 --- [appointment] [           main] org.hibernate.orm.deprecation            : HHH90000025: MySQL8Dialect does not need to be specified explicitly using 'hibernate.dialect' (remove the property setting and it will be selected by default)
2024-06-27T00:01:34.584+03:00  WARN 10976 --- [appointment] [           main] org.hibernate.orm.deprecation            : HHH90000026: MySQL8Dialect has been deprecated; use org.hibernate.dialect.MySQLDialect instead
2024-06-27T00:01:35.327+03:00  INFO 10976 --- [appointment] [           main] o.h.e.t.j.p.i.JtaPlatformInitiator       : HHH000489: No JTA platform available (set 'hibernate.transaction.jta.platform' to enable JTA platform integration)
2024-06-27T00:01:35.380+03:00  INFO 10976 --- [appointment] [           main] j.LocalContainerEntityManagerFactoryBean : Initialized JPA EntityManagerFactory for persistence unit 'default'
2024-06-27T00:01:36.552+03:00  WARN 10976 --- [appointment] [           main] JpaBaseConfiguration$JpaWebConfiguration : spring.jpa.open-in-view is enabled by default. Therefore, database queries may be performed during view rendering. Explicitly configure spring.jpa.open-in-view to disable this warning
2024-06-27T00:01:36.666+03:00  INFO 10976 --- [appointment] [           main] o.s.b.a.h2.H2ConsoleAutoConfiguration    : H2 console available at '/h2-console'. Database available at 'jdbc:mysql://localhost:3306/mentalhealthv2?useSSL=false&serverTimezone=UTC&allowPublicKeyRetrieval=true'
2024-06-27T00:01:36.969+03:00  INFO 10976 --- [appointment] [           main] o.s.c.openfeign.FeignClientFactoryBean   : For 'coupon' URL not provided. Will try picking an instance via load-balancing.
2024-06-27T00:01:38.991+03:00  INFO 10976 --- [appointment] [           main] DiscoveryClientOptionalArgsConfiguration : Eureka HTTP Client uses RestTemplate.
2024-06-27T00:01:39.041+03:00  WARN 10976 --- [appointment] [           main] iguration$LoadBalancerCaffeineWarnLogger : Spring Cloud LoadBalancer is currently working with the default cache. While this cache implementation is useful for development and tests, it's recommended to use Caffeine cache in production.You can switch to using Caffeine cache, by adding it and org.springframework.cache.caffeine.CaffeineCacheManager to the classpath.
2024-06-27T00:01:39.069+03:00  INFO 10976 --- [appointment] [           main] o.s.b.a.e.web.EndpointLinksResolver      : Exposing 1 endpoint(s) beneath base path '/actuator'
2024-06-27T00:01:39.182+03:00  INFO 10976 --- [appointment] [           main] o.s.c.n.eureka.InstanceInfoFactory       : Setting initial instance status as: STARTING
2024-06-27T00:01:39.243+03:00  INFO 10976 --- [appointment] [           main] com.netflix.discovery.DiscoveryClient    : Initializing Eureka in region us-east-1
2024-06-27T00:01:39.249+03:00  INFO 10976 --- [appointment] [           main] c.n.d.s.r.aws.ConfigClusterResolver      : Resolving eureka endpoints via configuration
2024-06-27T00:01:39.268+03:00  INFO 10976 --- [appointment] [           main] com.netflix.discovery.DiscoveryClient    : Disable delta property : false
2024-06-27T00:01:39.268+03:00  INFO 10976 --- [appointment] [           main] com.netflix.discovery.DiscoveryClient    : Single vip registry refresh property : null
2024-06-27T00:01:39.268+03:00  INFO 10976 --- [appointment] [           main] com.netflix.discovery.DiscoveryClient    : Force full registry fetch : false
2024-06-27T00:01:39.269+03:00  INFO 10976 --- [appointment] [           main] com.netflix.discovery.DiscoveryClient    : Application is null : false
2024-06-27T00:01:39.269+03:00  INFO 10976 --- [appointment] [           main] com.netflix.discovery.DiscoveryClient    : Registered Applications size is zero : true
2024-06-27T00:01:39.269+03:00  INFO 10976 --- [appointment] [           main] com.netflix.discovery.DiscoveryClient    : Application version is -1: true
2024-06-27T00:01:39.269+03:00  INFO 10976 --- [appointment] [           main] com.netflix.discovery.DiscoveryClient    : Getting all instance registry info from the eureka server
2024-06-27T00:01:39.490+03:00  INFO 10976 --- [appointment] [           main] com.netflix.discovery.DiscoveryClient    : The response status is 200
2024-06-27T00:01:39.492+03:00  INFO 10976 --- [appointment] [           main] com.netflix.discovery.DiscoveryClient    : Starting heartbeat executor: renew interval is: 30
2024-06-27T00:01:39.494+03:00  INFO 10976 --- [appointment] [           main] c.n.discovery.InstanceInfoReplicator     : InstanceInfoReplicator onDemand update allowed rate per min is 4
2024-06-27T00:01:39.498+03:00  INFO 10976 --- [appointment] [           main] com.netflix.discovery.DiscoveryClient    : Discovery Client initialized at timestamp 1719435699498 with initial instances count: 1
2024-06-27T00:01:39.506+03:00  INFO 10976 --- [appointment] [           main] o.s.c.n.e.s.EurekaServiceRegistry        : Registering application APPOINTMENT with eureka with status UP
2024-06-27T00:01:39.511+03:00  INFO 10976 --- [appointment] [           main] com.netflix.discovery.DiscoveryClient    : Saw local status change event StatusChangeEvent [timestamp=1719435699511, current=UP, previous=STARTING]
2024-06-27T00:01:39.512+03:00  INFO 10976 --- [appointment] [nfoReplicator-0] com.netflix.discovery.DiscoveryClient    : DiscoveryClient_APPOINTMENT/DESKTOP-H551OQK:appointment:8080: registering service...
2024-06-27T00:01:39.539+03:00  INFO 10976 --- [appointment] [           main] c.a.s.SubscriptionApplicationTests       : Started SubscriptionApplicationTests in 9.722 seconds (process running for 11.046)
2024-06-27T00:01:39.570+03:00  INFO 10976 --- [appointment] [nfoReplicator-0] com.netflix.discovery.DiscoveryClient    : DiscoveryClient_APPOINTMENT/DESKTOP-H551OQK:appointment:8080 - registration status: 204
]]></system-out>
  </testcase>
</testsuite>